# JRE version: OpenJDK Runtime Environment (8.0_242-b01) (build 1.8.0_242-release-1644-b01)
# Java VM: OpenJDK 64-Bit Server VM (25.242-b01 mixed mode windows-amd64 compressed oops)
Heap:
 PSYoungGen      total 478208K, used 178928K [0x00000000d5580000, 0x00000000fd780000, 0x0000000100000000)
  eden space 402432K, 26% used [0x00000000d5580000,0x00000000dbef0da8,0x00000000ede80000)
  from space 75776K, 93% used [0x00000000ede80000,0x00000000f23cb4f8,0x00000000f2880000)
  to   space 86528K, 0% used [0x00000000f8300000,0x00000000f8300000,0x00000000fd780000)
 ParOldGen       total 340992K, used 78284K [0x0000000080000000, 0x0000000094d00000, 0x00000000d5580000)
  object space 340992K, 22% used [0x0000000080000000,0x0000000084c73060,0x0000000094d00000)
 Metaspace       used 123979K, capacity 129581K, committed 132684K, reserved 1165312K
  class space    used 15945K, capacity 17058K, committed 17792K, reserved 1048576K
GC Heap History (10 events):
Event: 10698.589 GC heap before
{Heap before GC invocations=34 (full 6):
 PSYoungGen      total 358400K, used 296999K [0x00000000d5580000, 0x00000000f5280000, 0x0000000100000000)
  eden space 353280K, 84% used [0x00000000d5580000,0x00000000e7789fe0,0x00000000eae80000)
  from space 5120K, 0% used [0x00000000eae80000,0x00000000eae80000,0x00000000eb380000)
  to   space 83968K, 0% used [0x00000000f0080000,0x00000000f0080000,0x00000000f5280000)
 ParOldGen       total 340992K, used 48109K [0x0000000080000000, 0x0000000094d00000, 0x00000000d5580000)
  object space 340992K, 14% used [0x0000000080000000,0x0000000082efb570,0x0000000094d00000)
 Metaspace       used 122395K, capacity 127951K, committed 131404K, reserved 1163264K
  class space    used 15815K, capacity 16905K, committed 17792K, reserved 1048576K
Event: 10698.603 GC heap after
Heap after GC invocations=34 (full 6):
 PSYoungGen      total 430080K, used 15856K [0x00000000d5580000, 0x00000000f4b80000, 0x0000000100000000)
  eden space 353280K, 0% used [0x00000000d5580000,0x00000000d5580000,0x00000000eae80000)
  from space 76800K, 20% used [0x00000000f0080000,0x00000000f0ffc0e0,0x00000000f4b80000)
  to   space 80384K, 0% used [0x00000000eae80000,0x00000000eae80000,0x00000000efd00000)
 ParOldGen       total 340992K, used 48117K [0x0000000080000000, 0x0000000094d00000, 0x00000000d5580000)
  object space 340992K, 14% used [0x0000000080000000,0x0000000082efd570,0x0000000094d00000)
 Metaspace       used 122395K, capacity 127951K, committed 131404K, reserved 1163264K
  class space    used 15815K, capacity 16905K, committed 17792K, reserved 1048576K
}
Event: 10698.603 GC heap before
{Heap before GC invocations=35 (full 7):
 PSYoungGen      total 430080K, used 15856K [0x00000000d5580000, 0x00000000f4b80000, 0x0000000100000000)
  eden space 353280K, 0% used [0x00000000d5580000,0x00000000d5580000,0x00000000eae80000)
  from space 76800K, 20% used [0x00000000f0080000,0x00000000f0ffc0e0,0x00000000f4b80000)
  to   space 80384K, 0% used [0x00000000eae80000,0x00000000eae80000,0x00000000efd00000)
 ParOldGen       total 340992K, used 48117K [0x0000000080000000, 0x0000000094d00000, 0x00000000d5580000)
  object space 340992K, 14% used [0x0000000080000000,0x0000000082efd570,0x0000000094d00000)
 Metaspace       used 122395K, capacity 127951K, committed 131404K, reserved 1163264K
  class space    used 15815K, capacity 16905K, committed 17792K, reserved 1048576K
Event: 10699.070 GC heap after
Heap after GC invocations=35 (full 7):
 PSYoungGen      total 430080K, used 0K [0x00000000d5580000, 0x00000000f4b80000, 0x0000000100000000)
  eden space 353280K, 0% used [0x00000000d5580000,0x00000000d5580000,0x00000000eae80000)
  from space 76800K, 0% used [0x00000000f0080000,0x00000000f0080000,0x00000000f4b80000)
  to   space 80384K, 0% used [0x00000000eae80000,0x00000000eae80000,0x00000000efd00000)
 ParOldGen       total 340992K, used 56326K [0x0000000080000000, 0x0000000094d00000, 0x00000000d5580000)
  object space 340992K, 16% used [0x0000000080000000,0x0000000083701bb8,0x0000000094d00000)
 Metaspace       used 122000K, capacity 127243K, committed 131404K, reserved 1163264K
  class space    used 15745K, capacity 16773K, committed 17792K, reserved 1048576K
}
Event: 10717.394 GC heap before
{Heap before GC invocations=36 (full 7):
 PSYoungGen      total 430080K, used 353280K [0x00000000d5580000, 0x00000000f4b80000, 0x0000000100000000)
  eden space 353280K, 100% used [0x00000000d5580000,0x00000000eae80000,0x00000000eae80000)
  from space 76800K, 0% used [0x00000000f0080000,0x00000000f0080000,0x00000000f4b80000)
  to   space 80384K, 0% used [0x00000000eae80000,0x00000000eae80000,0x00000000efd00000)
 ParOldGen       total 340992K, used 56326K [0x0000000080000000, 0x0000000094d00000, 0x00000000d5580000)
  object space 340992K, 16% used [0x0000000080000000,0x0000000083701bb8,0x0000000094d00000)
 Metaspace       used 122625K, capacity 127935K, committed 131660K, reserved 1163264K
  class space    used 15808K, capacity 16881K, committed 17792K, reserved 1048576K
Event: 10717.609 GC heap after
Heap after GC invocations=36 (full 7):
 PSYoungGen      total 433664K, used 29012K [0x00000000d5580000, 0x00000000f7280000, 0x0000000100000000)
  eden space 353280K, 0% used [0x00000000d5580000,0x00000000d5580000,0x00000000eae80000)
  from space 80384K, 36% used [0x00000000eae80000,0x00000000ecad5188,0x00000000efd00000)
  to   space 75776K, 0% used [0x00000000f2880000,0x00000000f2880000,0x00000000f7280000)
 ParOldGen       total 340992K, used 56334K [0x0000000080000000, 0x0000000094d00000, 0x00000000d5580000)
  object space 340992K, 16% used [0x0000000080000000,0x0000000083703bb8,0x0000000094d00000)
 Metaspace       used 122625K, capacity 127935K, committed 131660K, reserved 1163264K
  class space    used 15808K, capacity 16881K, committed 17792K, reserved 1048576K
}
Event: 10720.516 GC heap before
{Heap before GC invocations=37 (full 7):
 PSYoungGen      total 433664K, used 382292K [0x00000000d5580000, 0x00000000f7280000, 0x0000000100000000)
  eden space 353280K, 100% used [0x00000000d5580000,0x00000000eae80000,0x00000000eae80000)
  from space 80384K, 36% used [0x00000000eae80000,0x00000000ecad5188,0x00000000efd00000)
  to   space 75776K, 0% used [0x00000000f2880000,0x00000000f2880000,0x00000000f7280000)
 ParOldGen       total 340992K, used 56334K [0x0000000080000000, 0x0000000094d00000, 0x00000000d5580000)
  object space 340992K, 16% used [0x0000000080000000,0x0000000083703bb8,0x0000000094d00000)
 Metaspace       used 123459K, capacity 129021K, committed 132172K, reserved 1163264K
  class space    used 15884K, capacity 16998K, committed 17792K, reserved 1048576K
Event: 10720.839 GC heap after
Heap after GC invocations=37 (full 7):
 PSYoungGen      total 478208K, used 39723K [0x00000000d5580000, 0x00000000f8380000, 0x0000000100000000)
  eden space 402432K, 0% used [0x00000000d5580000,0x00000000d5580000,0x00000000ede80000)
  from space 75776K, 52% used [0x00000000f2880000,0x00000000f4f4ac30,0x00000000f7280000)
  to   space 75776K, 0% used [0x00000000ede80000,0x00000000ede80000,0x00000000f2880000)
 ParOldGen       total 340992K, used 56342K [0x0000000080000000, 0x0000000094d00000, 0x00000000d5580000)
  object space 340992K, 16% used [0x0000000080000000,0x0000000083705bb8,0x0000000094d00000)
 Metaspace       used 123459K, capacity 129021K, committed 132172K, reserved 1163264K
  class space    used 15884K, capacity 16998K, committed 17792K, reserved 1048576K
}
Event: 10727.033 GC heap before
{Heap before GC invocations=38 (full 7):
 PSYoungGen      total 478208K, used 442155K [0x00000000d5580000, 0x00000000f8380000, 0x0000000100000000)
  eden space 402432K, 100% used [0x00000000d5580000,0x00000000ede80000,0x00000000ede80000)
  from space 75776K, 52% used [0x00000000f2880000,0x00000000f4f4ac30,0x00000000f7280000)
  to   space 75776K, 0% used [0x00000000ede80000,0x00000000ede80000,0x00000000f2880000)
 ParOldGen       total 340992K, used 56342K [0x0000000080000000, 0x0000000094d00000, 0x00000000d5580000)
  object space 340992K, 16% used [0x0000000080000000,0x0000000083705bb8,0x0000000094d00000)
 Metaspace       used 123907K, capacity 129497K, committed 132684K, reserved 1165312K
  class space    used 15930K, capacity 17054K, committed 17792K, reserved 1048576K
Event: 10727.595 GC heap after
Heap after GC invocations=38 (full 7):
 PSYoungGen      total 478208K, used 70957K [0x00000000d5580000, 0x00000000fd780000, 0x0000000100000000)
  eden space 402432K, 0% used [0x00000000d5580000,0x00000000d5580000,0x00000000ede80000)
  from space 75776K, 93% used [0x00000000ede80000,0x00000000f23cb4f8,0x00000000f2880000)
  to   space 86528K, 0% used [0x00000000f8300000,0x00000000f8300000,0x00000000fd780000)
 ParOldGen       total 340992K, used 78284K [0x0000000080000000, 0x0000000094d00000, 0x00000000d5580000)
  object space 340992K, 22% used [0x0000000080000000,0x0000000084c73060,0x0000000094d00000)
 Metaspace       used 123907K, capacity 129497K, committed 132684K, reserved 1165312K
  class space    used 15930K, capacity 17054K, committed 17792K, reserved 1048576K
}

